<?xml version="1.0" encoding="UTF-8"?>
<databaseChangeLog xmlns="http://www.liquibase.org/xml/ns/dbchangelog"
                   xmlns:xsi="http://www.w3.org/2001/XMLSchema-instance"
                   xsi:schemaLocation="http://www.liquibase.org/xml/ns/dbchangelog
                   http://www.liquibase.org/xml/ns/dbchangelog/dbchangelog-4.5.xsd">

    <changeSet id="mystore-test-data" author="baseline" runOnChange="true" context="faker">
        <sqlFile path="test-data/0001-test-data.sql" relativeToChangelogFile="true"/>
    </changeSet>

</databaseChangeLog>
